<?xml version="1.0" encoding="UTF-8"?>
<!-- Generated by org.testng.reporters.JUnitReportReporter -->
<testsuite hostname="DESKTOP-HOQQ6B4" failures="0" tests="1" name="AllureReport.testAllure" time="17.980" errors="0" timestamp="2024-06-13T11:03:16 CDT" skipped="0">
  <testcase classname="AllureReport.testAllure" name="pizzaOrder" time="17.980"/>
  <system-out/>
</testsuite> <!-- AllureReport.testAllure -->
