<?xml version="1.0" encoding="UTF-8"?>
<!-- Generated by org.testng.reporters.JUnitReportReporter -->
<testsuite hostname="DESKTOP-HOQQ6B4" failures="0" tests="6" name="tests.PizzaOrderTest" time="21.176" errors="0" timestamp="2024-05-23T09:49:44 CDT" skipped="0">
  <testcase classname="tests.PizzaOrderTest" name="EnterLocation" time="3.071"/>
  <system-out/>
  <testcase classname="tests.PizzaOrderTest" name="SidePage" time="5.756"/>
  <system-out/>
  <testcase classname="tests.PizzaOrderTest" name="DrinkPage" time="3.641"/>
  <system-out/>
  <testcase classname="tests.PizzaOrderTest" name="CheckoutPage" time="1.815"/>
  <system-out/>
  <testcase classname="tests.PizzaOrderTest" name="RadioButton" time="0.469"/>
  <system-out/>
  <testcase classname="tests.PizzaOrderTest" name="GiftCard" time="6.424"/>
  <system-out/>
</testsuite> <!-- tests.PizzaOrderTest -->
