<?xml version="1.0" encoding="UTF-8"?>
<!-- Generated by org.testng.reporters.JUnitReportReporter -->
<testsuite hostname="DESKTOP-HOQQ6B4" failures="0" tests="6" name="tests.PizzaOrderTest" time="11.059" errors="0" timestamp="2024-06-13T11:07:33 CDT" skipped="0">
  <testcase classname="tests.PizzaOrderTest" name="EnterLocation" time="2.272"/>
  <system-out/>
  <testcase classname="tests.PizzaOrderTest" name="SidePage" time="3.066"/>
  <system-out/>
  <testcase classname="tests.PizzaOrderTest" name="DrinkPage" time="1.874"/>
  <system-out/>
  <testcase classname="tests.PizzaOrderTest" name="CheckoutPage" time="0.948"/>
  <system-out/>
  <testcase classname="tests.PizzaOrderTest" name="RadioButton" time="0.187"/>
  <system-out/>
  <testcase classname="tests.PizzaOrderTest" name="GiftCard" time="2.712"/>
  <system-out/>
</testsuite> <!-- tests.PizzaOrderTest -->
